<?xml version="1.0" encoding="UTF-8"?>
<testng-results skipped="0" failed="0" total="1" passed="1">
  <reporter-output>
  </reporter-output>
  <suite name="Default suite" duration-ms="6404" started-at="2021-04-09T20:03:52Z" finished-at="2021-04-09T20:03:59Z">
    <groups>
    </groups>
    <test name="Default test" duration-ms="6404" started-at="2021-04-09T20:03:52Z" finished-at="2021-04-09T20:03:59Z">
      <class name="com.qa.acti.base.DriverScript">
        <test-method status="PASS" signature="initApplication()[pri:0, instance:com.qa.acti.base.DriverScript@39aeed2f]" name="initApplication" duration-ms="6383" started-at="2021-04-09T16:03:52Z" finished-at="2021-04-09T16:03:59Z">
          <reporter-output>
          </reporter-output>
        </test-method> <!-- initApplication -->
      </class> <!-- com.qa.acti.base.DriverScript -->
    </test> <!-- Default test -->
  </suite> <!-- Default suite -->
</testng-results>
